##
## beginning full clean deployment @ 2015-01-10_11:46:52
##
##
## BUILD
##
Error Count: 0
##
## clean environment
##
 * Stopping web server apache2
 * 
 * Stopping MySQL database server mysqld
   ...done.
Ign http://mirrors.digitalocean.com trusty InRelease
Ign http://mirrors.digitalocean.com trusty-updates InRelease
Ign http://mirrors.digitalocean.com trusty-backports InRelease
Hit http://mirrors.digitalocean.com trusty Release.gpg
Hit http://mirrors.digitalocean.com trusty-updates Release.gpg
Ign http://security.ubuntu.com trusty-security InRelease
Hit http://mirrors.digitalocean.com trusty-backports Release.gpg
Hit http://mirrors.digitalocean.com trusty Release
Hit http://mirrors.digitalocean.com trusty-updates Release
Get:1 http://security.ubuntu.com trusty-security Release.gpg [933 B]
Hit http://mirrors.digitalocean.com trusty-backports Release
Get:2 http://security.ubuntu.com trusty-security Release [62.0 kB]
Hit http://mirrors.digitalocean.com trusty/main Sources
Hit http://mirrors.digitalocean.com trusty/restricted Sources
Hit http://mirrors.digitalocean.com trusty/universe Sources
Hit http://mirrors.digitalocean.com trusty/multiverse Sources
Hit http://mirrors.digitalocean.com trusty/main amd64 Packages
Hit http://mirrors.digitalocean.com trusty/restricted amd64 Packages
Hit http://mirrors.digitalocean.com trusty/universe amd64 Packages
Hit http://mirrors.digitalocean.com trusty/multiverse amd64 Packages
Hit http://mirrors.digitalocean.com trusty/main i386 Packages
Hit http://mirrors.digitalocean.com trusty/restricted i386 Packages
Get:3 http://security.ubuntu.com trusty-security/main Sources [59.7 kB]
Hit http://mirrors.digitalocean.com trusty/universe i386 Packages
Hit http://mirrors.digitalocean.com trusty/multiverse i386 Packages
Hit http://mirrors.digitalocean.com trusty/main Translation-en
Hit http://mirrors.digitalocean.com trusty/multiverse Translation-en
Get:4 http://security.ubuntu.com trusty-security/restricted Sources [2,061 B]
Hit http://mirrors.digitalocean.com trusty/restricted Translation-en
Hit http://mirrors.digitalocean.com trusty/universe Translation-en
Hit http://mirrors.digitalocean.com trusty-updates/main Sources
Get:5 http://security.ubuntu.com trusty-security/universe Sources [17.4 kB]
Hit http://mirrors.digitalocean.com trusty-updates/restricted Sources
Hit http://mirrors.digitalocean.com trusty-updates/universe Sources
Hit http://mirrors.digitalocean.com trusty-updates/multiverse Sources
Hit http://mirrors.digitalocean.com trusty-updates/main amd64 Packages
Hit http://mirrors.digitalocean.com trusty-updates/restricted amd64 Packages
Hit http://mirrors.digitalocean.com trusty-updates/universe amd64 Packages
Get:6 http://security.ubuntu.com trusty-security/multiverse Sources [719 B]
Hit http://mirrors.digitalocean.com trusty-updates/multiverse amd64 Packages
Get:7 http://security.ubuntu.com trusty-security/main amd64 Packages [187 kB]
Get:8 http://security.ubuntu.com trusty-security/restricted amd64 Packages [8,875 B]
Get:9 http://security.ubuntu.com trusty-security/universe amd64 Packages [82.2 kB]
Hit http://mirrors.digitalocean.com trusty-updates/main i386 Packages
Hit http://mirrors.digitalocean.com trusty-updates/restricted i386 Packages
Hit http://mirrors.digitalocean.com trusty-updates/universe i386 Packages
Get:10 http://security.ubuntu.com trusty-security/multiverse amd64 Packages [1,157 B]
Hit http://mirrors.digitalocean.com trusty-updates/multiverse i386 Packages
Hit http://mirrors.digitalocean.com trusty-updates/main Translation-en
Hit http://mirrors.digitalocean.com trusty-updates/multiverse Translation-en
Hit http://mirrors.digitalocean.com trusty-updates/restricted Translation-en
Hit http://mirrors.digitalocean.com trusty-updates/universe Translation-en
Get:11 http://security.ubuntu.com trusty-security/main i386 Packages [179 kB]
Hit http://mirrors.digitalocean.com trusty-backports/main Sources
Hit http://mirrors.digitalocean.com trusty-backports/restricted Sources
Hit http://mirrors.digitalocean.com trusty-backports/universe Sources
Hit http://mirrors.digitalocean.com trusty-backports/multiverse Sources
Hit http://mirrors.digitalocean.com trusty-backports/main amd64 Packages
Hit http://mirrors.digitalocean.com trusty-backports/restricted amd64 Packages
Hit http://mirrors.digitalocean.com trusty-backports/universe amd64 Packages
Hit http://mirrors.digitalocean.com trusty-backports/multiverse amd64 Packages
Hit http://mirrors.digitalocean.com trusty-backports/main i386 Packages
Hit http://mirrors.digitalocean.com trusty-backports/restricted i386 Packages
Get:12 http://security.ubuntu.com trusty-security/restricted i386 Packages [8,846 B]
Get:13 http://security.ubuntu.com trusty-security/universe i386 Packages [82.2 kB]
Get:14 http://security.ubuntu.com trusty-security/multiverse i386 Packages [1,409 B]
Hit http://security.ubuntu.com trusty-security/main Translation-en
Hit http://security.ubuntu.com trusty-security/multiverse Translation-en
Hit http://mirrors.digitalocean.com trusty-backports/universe i386 Packages
Hit http://security.ubuntu.com trusty-security/restricted Translation-en
Hit http://mirrors.digitalocean.com trusty-backports/multiverse i386 Packages
Hit http://mirrors.digitalocean.com trusty-backports/main Translation-en
Hit http://mirrors.digitalocean.com trusty-backports/multiverse Translation-en
Hit http://mirrors.digitalocean.com trusty-backports/restricted Translation-en
Hit http://mirrors.digitalocean.com trusty-backports/universe Translation-en
Ign http://mirrors.digitalocean.com trusty/main Translation-en_US
Ign http://mirrors.digitalocean.com trusty/multiverse Translation-en_US
Ign http://mirrors.digitalocean.com trusty/restricted Translation-en_US
Hit http://security.ubuntu.com trusty-security/universe Translation-en
Ign http://mirrors.digitalocean.com trusty/universe Translation-en_US
Fetched 693 kB in 3s (184 kB/s)
Reading package lists...
Reading package lists...
Building dependency tree...
Reading state information...
The following packages were automatically installed and are no longer required:
  git-man liberror-perl linux-headers-3.13.0-36
  linux-headers-3.13.0-36-generic linux-image-3.13.0-36-generic
  linux-image-extra-3.13.0-36-generic
Use 'apt-get autoremove' to remove them.
The following packages will be REMOVED:
  git
0 upgraded, 0 newly installed, 1 to remove and 66 not upgraded.
After this operation, 20.2 MB disk space will be freed.
(Reading database ... 139474 files and directories currently installed.)
Removing git (1:1.9.1-1) ...
Reading package lists...
Building dependency tree...
Reading state information...
The following packages were automatically installed and are no longer required:
  linux-headers-3.13.0-36 linux-headers-3.13.0-36-generic
  linux-image-3.13.0-36-generic linux-image-extra-3.13.0-36-generic
Use 'apt-get autoremove' to remove them.
Suggested packages:
  git-daemon-run git-daemon-sysvinit git-doc git-el git-email git-gui gitk
  gitweb git-arch git-bzr git-cvs git-mediawiki git-svn
The following NEW packages will be installed:
  git
0 upgraded, 1 newly installed, 0 to remove and 66 not upgraded.
Need to get 0 B/2,555 kB of archives.
After this operation, 20.2 MB of additional disk space will be used.
Selecting previously unselected package git.
(Reading database ... 138899 files and directories currently installed.)
Preparing to unpack .../git_1%3a1.9.1-1_amd64.deb ...
Unpacking git (1:1.9.1-1) ...
Setting up git (1:1.9.1-1) ...
Reading package lists...
Building dependency tree...