##
## beginning full clean deployment @ 2015-01-05_18:02:58
##
##
## BUILD
##
Error Count: 0
##
## clean environment
##
 * Stopping web server apache2
 * 
 * Stopping MySQL database server mysqld
   ...done.
Ign http://security.ubuntu.com trusty-security InRelease
Ign http://mirrors.digitalocean.com trusty InRelease
Hit http://security.ubuntu.com trusty-security Release.gpg
Ign http://mirrors.digitalocean.com trusty-updates InRelease
Hit http://security.ubuntu.com trusty-security Release
Ign http://mirrors.digitalocean.com trusty-backports InRelease
Hit http://security.ubuntu.com trusty-security/main Sources
Hit http://mirrors.digitalocean.com trusty Release.gpg
Hit http://security.ubuntu.com trusty-security/restricted Sources
Hit http://mirrors.digitalocean.com trusty-updates Release.gpg
Hit http://security.ubuntu.com trusty-security/universe Sources
Hit http://mirrors.digitalocean.com trusty-backports Release.gpg
Hit http://security.ubuntu.com trusty-security/multiverse Sources
Hit http://mirrors.digitalocean.com trusty Release
Hit http://security.ubuntu.com trusty-security/main amd64 Packages
Hit http://mirrors.digitalocean.com trusty-updates Release
Hit http://security.ubuntu.com trusty-security/restricted amd64 Packages
Hit http://mirrors.digitalocean.com trusty-backports Release
Hit http://security.ubuntu.com trusty-security/universe amd64 Packages
Hit http://security.ubuntu.com trusty-security/multiverse amd64 Packages
Hit http://mirrors.digitalocean.com trusty/main Sources
Hit http://security.ubuntu.com trusty-security/main i386 Packages
Hit http://mirrors.digitalocean.com trusty/restricted Sources
Hit http://security.ubuntu.com trusty-security/restricted i386 Packages
Hit http://mirrors.digitalocean.com trusty/universe Sources
Hit http://security.ubuntu.com trusty-security/universe i386 Packages
Hit http://mirrors.digitalocean.com trusty/multiverse Sources
Hit http://security.ubuntu.com trusty-security/multiverse i386 Packages
Hit http://mirrors.digitalocean.com trusty/main amd64 Packages
Hit http://security.ubuntu.com trusty-security/main Translation-en
Hit http://mirrors.digitalocean.com trusty/restricted amd64 Packages
Hit http://security.ubuntu.com trusty-security/multiverse Translation-en
Hit http://mirrors.digitalocean.com trusty/universe amd64 Packages
Hit http://security.ubuntu.com trusty-security/restricted Translation-en
Hit http://mirrors.digitalocean.com trusty/multiverse amd64 Packages
Hit http://mirrors.digitalocean.com trusty/main i386 Packages
Hit http://security.ubuntu.com trusty-security/universe Translation-en
Hit http://mirrors.digitalocean.com trusty/restricted i386 Packages
Hit http://mirrors.digitalocean.com trusty/universe i386 Packages
Hit http://mirrors.digitalocean.com trusty/multiverse i386 Packages
Hit http://mirrors.digitalocean.com trusty/main Translation-en
