##
## beginning full clean deployment @ 2015-01-05_17:50:02
##
##
## BUILD
##
Error Count: 0
##
## clean environment
##
 * Stopping web server apache2
 * 
 * Stopping MySQL database server mysqld
   ...done.
Ign http://security.ubuntu.com trusty-security InRelease
Ign http://mirrors.digitalocean.com trusty InRelease
Get:1 http://security.ubuntu.com trusty-security Release.gpg [933 B]
Ign http://mirrors.digitalocean.com trusty-updates InRelease
Get:2 http://security.ubuntu.com trusty-security Release [62.0 kB]
Ign http://mirrors.digitalocean.com trusty-backports InRelease
Hit http://mirrors.digitalocean.com trusty Release.gpg
Hit http://mirrors.digitalocean.com trusty-updates Release.gpg
Get:3 http://security.ubuntu.com trusty-security/main Sources [58.3 kB]
Hit http://mirrors.digitalocean.com trusty-backports Release.gpg
Hit http://mirrors.digitalocean.com trusty Release
Get:4 http://security.ubuntu.com trusty-security/restricted Sources [2,057 B]
Hit http://mirrors.digitalocean.com trusty-updates Release
Get:5 http://security.ubuntu.com trusty-security/universe Sources [17.4 kB]
Get:6 http://security.ubuntu.com trusty-security/multiverse Sources [705 B]
Hit http://mirrors.digitalocean.com trusty-backports Release
Get:7 http://security.ubuntu.com trusty-security/main amd64 Packages [186 kB]
Hit http://mirrors.digitalocean.com trusty/main Sources
Hit http://mirrors.digitalocean.com trusty/restricted Sources
Hit http://mirrors.digitalocean.com trusty/universe Sources
Hit http://mirrors.digitalocean.com trusty/multiverse Sources
Get:8 http://security.ubuntu.com trusty-security/restricted amd64 Packages [8,861 B]
Hit http://mirrors.digitalocean.com trusty/main amd64 Packages
Get:9 http://security.ubuntu.com trusty-security/universe amd64 Packages [81.9 kB]
Hit http://mirrors.digitalocean.com trusty/restricted amd64 Packages
Get:10 http://security.ubuntu.com trusty-security/multiverse amd64 Packages [1,143 B]
Hit http://mirrors.digitalocean.com trusty/universe amd64 Packages
Get:11 http://security.ubuntu.com trusty-security/main i386 Packages [177 kB]
Hit http://mirrors.digitalocean.com trusty/multiverse amd64 Packages
Hit http://mirrors.digitalocean.com trusty/main i386 Packages
Get:12 http://security.ubuntu.com trusty-security/restricted i386 Packages [8,832 B]
Hit http://mirrors.digitalocean.com trusty/restricted i386 Packages
Get:13 http://security.ubuntu.com trusty-security/universe i386 Packages [81.8 kB]
Hit http://mirrors.digitalocean.com trusty/universe i386 Packages
Get:14 http://security.ubuntu.com trusty-security/multiverse i386 Packages [1,395 B]
Hit http://security.ubuntu.com trusty-security/main Translation-en
Hit http://mirrors.digitalocean.com trusty/multiverse i386 Packages
Hit http://security.ubuntu.com trusty-security/multiverse Translation-en
Hit http://security.ubuntu.com trusty-security/restricted Translation-en
Hit http://mirrors.digitalocean.com trusty/main Translation-en
Hit http://security.ubuntu.com trusty-security/universe Translation-en
Hit http://mirrors.digitalocean.com trusty/multiverse Translation-en
Hit http://mirrors.digitalocean.com trusty/restricted Translation-en
Hit http://mirrors.digitalocean.com trusty/universe Translation-en
Hit http://mirrors.digitalocean.com trusty-updates/main Sources
Hit http://mirrors.digitalocean.com trusty-updates/restricted Sources
Hit http://mirrors.digitalocean.com trusty-updates/universe Sources
Hit http://mirrors.digitalocean.com trusty-updates/multiverse Sources
Hit http://mirrors.digitalocean.com trusty-updates/main amd64 Packages
Hit http://mirrors.digitalocean.com trusty-updates/restricted amd64 Packages
Hit http://mirrors.digitalocean.com trusty-updates/universe amd64 Packages
Hit http://mirrors.digitalocean.com trusty-updates/multiverse amd64 Packages
Hit http://mirrors.digitalocean.com trusty-updates/main i386 Packages
Hit http://mirrors.digitalocean.com trusty-updates/restricted i386 Packages
Hit http://mirrors.digitalocean.com trusty-updates/universe i386 Packages
Hit http://mirrors.digitalocean.com trusty-updates/multiverse i386 Packages
Hit http://mirrors.digitalocean.com trusty-updates/main Translation-en
Hit http://mirrors.digitalocean.com trusty-updates/multiverse Translation-en
Hit http://mirrors.digitalocean.com trusty-updates/restricted Translation-en
Hit http://mirrors.digitalocean.com trusty-updates/universe Translation-en
Hit http://mirrors.digitalocean.com trusty-backports/main Sources
Hit http://mirrors.digitalocean.com trusty-backports/restricted Sources
Hit http://mirrors.digitalocean.com trusty-backports/universe Sources
Hit http://mirrors.digitalocean.com trusty-backports/multiverse Sources
Hit http://mirrors.digitalocean.com trusty-backports/main amd64 Packages
Hit http://mirrors.digitalocean.com trusty-backports/restricted amd64 Packages
Hit http://mirrors.digitalocean.com trusty-backports/universe amd64 Packages
Hit http://mirrors.digitalocean.com trusty-backports/multiverse amd64 Packages
Hit http://mirrors.digitalocean.com trusty-backports/main i386 Packages
Hit http://mirrors.digitalocean.com trusty-backports/restricted i386 Packages
Hit http://mirrors.digitalocean.com trusty-backports/universe i386 Packages
Hit http://mirrors.digitalocean.com trusty-backports/multiverse i386 Packages
Hit http://mirrors.digitalocean.com trusty-backports/main Translation-en
Hit http://mirrors.digitalocean.com trusty-backports/multiverse Translation-en
Hit http://mirrors.digitalocean.com trusty-backports/restricted Translation-en
Hit http://mirrors.digitalocean.com trusty-backports/universe Translation-en
Ign http://mirrors.digitalocean.com trusty/main Translation-en_US
Ign http://mirrors.digitalocean.com trusty/multiverse Translation-en_US
Ign http://mirrors.digitalocean.com trusty/restricted Translation-en_US
Ign http://mirrors.digitalocean.com trusty/universe Translation-en_US
Fetched 689 kB in 7s (88.5 kB/s)
 * Starting web server apache2
 * 
 * Starting MySQL database server mysqld
   ...done.
##
## environment cleaned
##
##
## create sandbox
##
##
## sandbox created
##
##
## check md5sum
##
Apache/www/
Apache/www/index.html
Apache/www/form.html
md5_new: 51a2a1f356ccba34e39a22d5fa4491b7  build.tgz
md5_old: f5b657068c5bb698247a1ac5858eb53e  build.tgz
md5 checksum has changed. proceeding with build.
##
## md5sum checked
##
##
## copy files to apache2 root folder /var/www/html
##
##
## files coppied to apache2 root folder
##
##
## check dependencies
##
apache2 found in /usr/sbin/apache2
mysql found in /usr/bin/mysql
git found in /usr/bin/git
ruby found in /usr/bin/ruby
##
## dependencies checked
##
cgi-bin/
cgi-bin/hello_world.pl
cgi-bin/testdb.pl
cgi-bin/accept_form.pl
form.html
index.html
##########
There were errors during the build process: 
Error: git
Error: failed
Error: to
Error: install
Error: ruby
Error: failed
Error: to
Error: install
Error: apache2
Error: failed
Error: to
Error: install
Error: mysql
Error: failed
Error: to
Error: install
