##
## INTEGRATE
##
Error Count: 0
##
## clean environment
##
 * Stopping web server apache2
 * 
 * Stopping MySQL database server mysqld
   ...done.
Ign http://mirrors.digitalocean.com trusty InRelease
Ign http://mirrors.digitalocean.com trusty-updates InRelease
Ign http://mirrors.digitalocean.com trusty-backports InRelease
Hit http://mirrors.digitalocean.com trusty Release.gpg
Hit http://mirrors.digitalocean.com trusty-updates Release.gpg
Hit http://mirrors.digitalocean.com trusty-backports Release.gpg
Hit http://mirrors.digitalocean.com trusty Release
Hit http://mirrors.digitalocean.com trusty-updates Release
Hit http://mirrors.digitalocean.com trusty-backports Release
Hit http://mirrors.digitalocean.com trusty/main Sources
Hit http://mirrors.digitalocean.com trusty/restricted Sources
Hit http://mirrors.digitalocean.com trusty/universe Sources
Hit http://mirrors.digitalocean.com trusty/multiverse Sources
Hit http://mirrors.digitalocean.com trusty/main amd64 Packages
Hit http://mirrors.digitalocean.com trusty/restricted amd64 Packages
Hit http://mirrors.digitalocean.com trusty/universe amd64 Packages
Hit http://mirrors.digitalocean.com trusty/multiverse amd64 Packages
Hit http://mirrors.digitalocean.com trusty/main i386 Packages
Hit http://mirrors.digitalocean.com trusty/restricted i386 Packages
Hit http://mirrors.digitalocean.com trusty/universe i386 Packages
Hit http://mirrors.digitalocean.com trusty/multiverse i386 Packages
Hit http://mirrors.digitalocean.com trusty/main Translation-en
Hit http://mirrors.digitalocean.com trusty/multiverse Translation-en
Hit http://mirrors.digitalocean.com trusty/restricted Translation-en
Hit http://mirrors.digitalocean.com trusty/universe Translation-en
Hit http://mirrors.digitalocean.com trusty-updates/main Sources
Hit http://mirrors.digitalocean.com trusty-updates/restricted Sources
Hit http://mirrors.digitalocean.com trusty-updates/universe Sources
Hit http://mirrors.digitalocean.com trusty-updates/multiverse Sources
Hit http://mirrors.digitalocean.com trusty-updates/main amd64 Packages
Hit http://mirrors.digitalocean.com trusty-updates/restricted amd64 Packages
Hit http://mirrors.digitalocean.com trusty-updates/universe amd64 Packages
Hit http://mirrors.digitalocean.com trusty-updates/multiverse amd64 Packages
Ign http://security.ubuntu.com trusty-security InRelease
Hit http://mirrors.digitalocean.com trusty-updates/main i386 Packages
Hit http://mirrors.digitalocean.com trusty-updates/restricted i386 Packages
Hit http://mirrors.digitalocean.com trusty-updates/universe i386 Packages
Hit http://mirrors.digitalocean.com trusty-updates/multiverse i386 Packages
Hit http://mirrors.digitalocean.com trusty-updates/main Translation-en
Hit http://mirrors.digitalocean.com trusty-updates/multiverse Translation-en
Hit http://mirrors.digitalocean.com trusty-updates/restricted Translation-en
Hit http://mirrors.digitalocean.com trusty-updates/universe Translation-en
Hit http://mirrors.digitalocean.com trusty-backports/main Sources
Hit http://mirrors.digitalocean.com trusty-backports/restricted Sources
Hit http://mirrors.digitalocean.com trusty-backports/universe Sources
Hit http://mirrors.digitalocean.com trusty-backports/multiverse Sources
Hit http://mirrors.digitalocean.com trusty-backports/main amd64 Packages
Hit http://mirrors.digitalocean.com trusty-backports/restricted amd64 Packages
Hit http://mirrors.digitalocean.com trusty-backports/universe amd64 Packages
Hit http://mirrors.digitalocean.com trusty-backports/multiverse amd64 Packages
Hit http://mirrors.digitalocean.com trusty-backports/main i386 Packages
Hit http://mirrors.digitalocean.com trusty-backports/restricted i386 Packages
Hit http://mirrors.digitalocean.com trusty-backports/universe i386 Packages
Hit http://security.ubuntu.com trusty-security Release.gpg
Hit http://mirrors.digitalocean.com trusty-backports/multiverse i386 Packages
Hit http://mirrors.digitalocean.com trusty-backports/main Translation-en
Hit http://mirrors.digitalocean.com trusty-backports/multiverse Translation-en
Hit http://mirrors.digitalocean.com trusty-backports/restricted Translation-en
Hit http://mirrors.digitalocean.com trusty-backports/universe Translation-en
Ign http://mirrors.digitalocean.com trusty/main Translation-en_US
Ign http://mirrors.digitalocean.com trusty/multiverse Translation-en_US
Ign http://mirrors.digitalocean.com trusty/restricted Translation-en_US
Ign http://mirrors.digitalocean.com trusty/universe Translation-en_US
Hit http://security.ubuntu.com trusty-security Release
Hit http://security.ubuntu.com trusty-security/main Sources
Hit http://security.ubuntu.com trusty-security/restricted Sources
Hit http://security.ubuntu.com trusty-security/universe Sources
Hit http://security.ubuntu.com trusty-security/multiverse Sources
Hit http://security.ubuntu.com trusty-security/main amd64 Packages
Hit http://security.ubuntu.com trusty-security/restricted amd64 Packages
Hit http://security.ubuntu.com trusty-security/universe amd64 Packages
Hit http://security.ubuntu.com trusty-security/multiverse amd64 Packages
Hit http://security.ubuntu.com trusty-security/main i386 Packages
Hit http://security.ubuntu.com trusty-security/restricted i386 Packages
Hit http://security.ubuntu.com trusty-security/universe i386 Packages
Hit http://security.ubuntu.com trusty-security/multiverse i386 Packages
Hit http://security.ubuntu.com trusty-security/main Translation-en
Hit http://security.ubuntu.com trusty-security/multiverse Translation-en
Hit http://security.ubuntu.com trusty-security/restricted Translation-en
Hit http://security.ubuntu.com trusty-security/universe Translation-en
 * Starting web server apache2
 * 
 * Starting MySQL database server mysqld
   ...done.
##
## environment cleaned
##
##
## create sandbox
##
cgi-bin/
cgi-bin/hello_world.pl
cgi-bin/testdb.pl
cgi-bin/accept_form.pl
form.html
index.html
##
## sandbox created
##
##
## copy files to apache2 root folder /var/www/html
##
