##
## INTEGRATE
##
Error Count: 0
##
## clean environment
##
 * Stopping web server apache2
 * 
 * Stopping MySQL database server mysqld
   ...done.
Ign http://security.ubuntu.com trusty-security InRelease
Get:1 http://security.ubuntu.com trusty-security Release.gpg [933 B]
Get:2 http://security.ubuntu.com trusty-security Release [62.0 kB]
Get:3 http://security.ubuntu.com trusty-security/main Sources [58.3 kB]
Get:4 http://security.ubuntu.com trusty-security/restricted Sources [2,057 B]
Get:5 http://security.ubuntu.com trusty-security/universe Sources [17.4 kB]
Get:6 http://security.ubuntu.com trusty-security/multiverse Sources [705 B]
Get:7 http://security.ubuntu.com trusty-security/main amd64 Packages [186 kB]
Get:8 http://security.ubuntu.com trusty-security/restricted amd64 Packages [8,861 B]
Get:9 http://security.ubuntu.com trusty-security/universe amd64 Packages [81.9 kB]
Get:10 http://security.ubuntu.com trusty-security/multiverse amd64 Packages [1,143 B]
Get:11 http://security.ubuntu.com trusty-security/main i386 Packages [177 kB]
Get:12 http://security.ubuntu.com trusty-security/restricted i386 Packages [8,832 B]
Get:13 http://security.ubuntu.com trusty-security/universe i386 Packages [81.8 kB]
Get:14 http://security.ubuntu.com trusty-security/multiverse i386 Packages [1,395 B]
Hit http://security.ubuntu.com trusty-security/main Translation-en
Hit http://security.ubuntu.com trusty-security/multiverse Translation-en
Hit http://security.ubuntu.com trusty-security/restricted Translation-en
Ign http://mirrors.digitalocean.com trusty InRelease
Hit http://security.ubuntu.com trusty-security/universe Translation-en
Ign http://mirrors.digitalocean.com trusty-updates InRelease
Ign http://mirrors.digitalocean.com trusty-backports InRelease
Hit http://mirrors.digitalocean.com trusty Release.gpg
Hit http://mirrors.digitalocean.com trusty-updates Release.gpg
Hit http://mirrors.digitalocean.com trusty-backports Release.gpg
Hit http://mirrors.digitalocean.com trusty Release
Hit http://mirrors.digitalocean.com trusty-updates Release
Hit http://mirrors.digitalocean.com trusty-backports Release
Hit http://mirrors.digitalocean.com trusty/main Sources
Hit http://mirrors.digitalocean.com trusty/restricted Sources
Hit http://mirrors.digitalocean.com trusty/universe Sources
Hit http://mirrors.digitalocean.com trusty/multiverse Sources
Hit http://mirrors.digitalocean.com trusty/main amd64 Packages
Hit http://mirrors.digitalocean.com trusty/restricted amd64 Packages
Hit http://mirrors.digitalocean.com trusty/universe amd64 Packages
Hit http://mirrors.digitalocean.com trusty/multiverse amd64 Packages
Hit http://mirrors.digitalocean.com trusty/main i386 Packages
Hit http://mirrors.digitalocean.com trusty/restricted i386 Packages
Hit http://mirrors.digitalocean.com trusty/universe i386 Packages
Hit http://mirrors.digitalocean.com trusty/multiverse i386 Packages
Hit http://mirrors.digitalocean.com trusty/main Translation-en
Hit http://mirrors.digitalocean.com trusty/multiverse Translation-en
Hit http://mirrors.digitalocean.com trusty/restricted Translation-en
Hit http://mirrors.digitalocean.com trusty/universe Translation-en
Hit http://mirrors.digitalocean.com trusty-updates/main Sources
Hit http://mirrors.digitalocean.com trusty-updates/restricted Sources
Hit http://mirrors.digitalocean.com trusty-updates/universe Sources
Hit http://mirrors.digitalocean.com trusty-updates/multiverse Sources
Hit http://mirrors.digitalocean.com trusty-updates/main amd64 Packages
Hit http://mirrors.digitalocean.com trusty-updates/restricted amd64 Packages
Hit http://mirrors.digitalocean.com trusty-updates/universe amd64 Packages
Hit http://mirrors.digitalocean.com trusty-updates/multiverse amd64 Packages
Hit http://mirrors.digitalocean.com trusty-updates/main i386 Packages
Hit http://mirrors.digitalocean.com trusty-updates/restricted i386 Packages
Hit http://mirrors.digitalocean.com trusty-updates/universe i386 Packages
Hit http://mirrors.digitalocean.com trusty-updates/multiverse i386 Packages
Hit http://mirrors.digitalocean.com trusty-updates/main Translation-en
Hit http://mirrors.digitalocean.com trusty-updates/multiverse Translation-en
Hit http://mirrors.digitalocean.com trusty-updates/restricted Translation-en
Hit http://mirrors.digitalocean.com trusty-updates/universe Translation-en
Hit http://mirrors.digitalocean.com trusty-backports/main Sources
Hit http://mirrors.digitalocean.com trusty-backports/restricted Sources
Hit http://mirrors.digitalocean.com trusty-backports/universe Sources
Hit http://mirrors.digitalocean.com trusty-backports/multiverse Sources
Hit http://mirrors.digitalocean.com trusty-backports/main amd64 Packages
Hit http://mirrors.digitalocean.com trusty-backports/restricted amd64 Packages
Hit http://mirrors.digitalocean.com trusty-backports/universe amd64 Packages
Hit http://mirrors.digitalocean.com trusty-backports/multiverse amd64 Packages
Hit http://mirrors.digitalocean.com trusty-backports/main i386 Packages
Hit http://mirrors.digitalocean.com trusty-backports/restricted i386 Packages
Hit http://mirrors.digitalocean.com trusty-backports/universe i386 Packages
Hit http://mirrors.digitalocean.com trusty-backports/multiverse i386 Packages
Hit http://mirrors.digitalocean.com trusty-backports/main Translation-en
Hit http://mirrors.digitalocean.com trusty-backports/multiverse Translation-en
Hit http://mirrors.digitalocean.com trusty-backports/restricted Translation-en
Hit http://mirrors.digitalocean.com trusty-backports/universe Translation-en
Ign http://mirrors.digitalocean.com trusty/main Translation-en_US
Ign http://mirrors.digitalocean.com trusty/multiverse Translation-en_US
Ign http://mirrors.digitalocean.com trusty/restricted Translation-en_US
Ign http://mirrors.digitalocean.com trusty/universe Translation-en_US
Fetched 689 kB in 7s (90.9 kB/s)
Reading package lists...
Reading package lists...
Building dependency tree...
Reading state information...
Package 'git' is not installed, so not removed
The following packages were automatically installed and are no longer required:
  git-man linux-headers-3.13.0-36 linux-headers-3.13.0-36-generic
  linux-image-3.13.0-36-generic linux-image-extra-3.13.0-36-generic
Use 'apt-get autoremove' to remove them.
0 upgraded, 0 newly installed, 0 to remove and 63 not upgraded.
Reading package lists...
Building dependency tree...
Reading state information...
The following packages were automatically installed and are no longer required:
  linux-headers-3.13.0-36 linux-headers-3.13.0-36-generic
  linux-image-3.13.0-36-generic linux-image-extra-3.13.0-36-generic
Use 'apt-get autoremove' to remove them.
The following extra packages will be installed:
  liberror-perl
Suggested packages:
  git-daemon-run git-daemon-sysvinit git-doc git-el git-email git-gui gitk
  gitweb git-arch git-bzr git-cvs git-mediawiki git-svn
The following NEW packages will be installed:
  git liberror-perl
0 upgraded, 2 newly installed, 0 to remove and 63 not upgraded.
Need to get 0 B/2,576 kB of archives.
After this operation, 20.3 MB of additional disk space will be used.
Selecting previously unselected package liberror-perl.
(Reading database ... 138716 files and directories currently installed.)
Preparing to unpack .../liberror-perl_0.17-1.1_all.deb ...
Unpacking liberror-perl (0.17-1.1) ...
Selecting previously unselected package git.
Preparing to unpack .../git_1%3a1.9.1-1_amd64.deb ...
Unpacking git (1:1.9.1-1) ...
Processing triggers for man-db (2.6.7.1-1ubuntu1) ...
Setting up liberror-perl (0.17-1.1) ...
Setting up git (1:1.9.1-1) ...
GIT INSTALL OK
Reading package lists...
Building dependency tree...
Reading state information...
The following packages were automatically installed and are no longer required:
  fontconfig-config fonts-dejavu-core gcc gcc-4.8 libasan0 libatomic1
  libc-dev-bin libc6-dev libfontconfig1 libgcc-4.8-dev libgomp1 libitm1
  libquadmath0 libruby1.9.1 libruby1.9.1-dbg libtcl8.5 libtcltk-ruby1.9.1
  libtk8.5 libtsan0 libxft2 libxrender1 libxss1 linux-headers-3.13.0-36
  linux-headers-3.13.0-36-generic linux-image-3.13.0-36-generic
  linux-image-extra-3.13.0-36-generic linux-libc-dev manpages-dev ri1.9.1 ruby
  ruby1.9.1 ruby1.9.1-dev ruby1.9.1-examples ruby1.9.1-full x11-common
Use 'apt-get autoremove' to remove them.
The following packages will be REMOVED:
  ruby-full
0 upgraded, 0 newly installed, 1 to remove and 63 not upgraded.
After this operation, 31.7 kB disk space will be freed.
(Reading database ... 139300 files and directories currently installed.)
Removing ruby-full (1:1.9.3.4) ...
Reading package lists...
Building dependency tree...
Reading state information...
The following packages were automatically installed and are no longer required:
  linux-headers-3.13.0-36 linux-headers-3.13.0-36-generic
  linux-image-3.13.0-36-generic linux-image-extra-3.13.0-36-generic
Use 'apt-get autoremove' to remove them.
The following NEW packages will be installed:
  ruby-full
0 upgraded, 1 newly installed, 0 to remove and 63 not upgraded.
Need to get 0 B/4,584 B of archives.
After this operation, 31.7 kB of additional disk space will be used.
Selecting previously unselected package ruby-full.
(Reading database ... 139296 files and directories currently installed.)
Preparing to unpack .../ruby-full_1%3a1.9.3.4_all.deb ...
Unpacking ruby-full (1:1.9.3.4) ...
Setting up ruby-full (1:1.9.3.4) ...
Reading package lists...
Building dependency tree...
Reading state information...
The following packages were automatically installed and are no longer required:
  apache2-data git-man libaio1 libapr1 libaprutil1 libaprutil1-dbd-sqlite3
  libaprutil1-ldap libmysqlclient18 linux-headers-3.13.0-36
  linux-headers-3.13.0-36-generic linux-image-3.13.0-36-generic
  linux-image-extra-3.13.0-36-generic mysql-client-core-5.5 mysql-common
  mysql-server-core-5.5 ssl-cert
Use 'apt-get autoremove' to remove them.
The following packages will be REMOVED:
  apache2 apache2-bin git init-system-helpers libarchive-extract-perl
  libdbd-mysql-perl libdbi-perl liberror-perl libhtml-template-perl
  liblog-message-simple-perl libmodule-pluggable-perl libpod-latex-perl
  libterm-readkey-perl libterm-ui-perl libtext-soundex-perl mysql-client
  mysql-client-5.5 mysql-server mysql-server-5.5 openssh-server perl
  perl-modules
0 upgraded, 0 newly installed, 22 to remove and 63 not upgraded.
After this operation, 126 MB disk space will be freed.
(Reading database ... 139300 files and directories currently installed.)
Removing apache2 (2.4.7-1ubuntu4.1) ...
 * Stopping web server apache2
 * 
Removing apache2-bin (2.4.7-1ubuntu4.1) ...
Removing git (1:1.9.1-1) ...
Removing openssh-server (1:6.6p1-2ubuntu2) ...
ssh stop/waiting
Removing init-system-helpers (1.14) ...
Removing libarchive-extract-perl (0.70-1) ...
Removing mysql-server (5.5.40-0ubuntu0.14.04.1) ...
Removing mysql-server-5.5 (5.5.40-0ubuntu0.14.04.1) ...
Removing mysql-client (5.5.40-0ubuntu0.14.04.1) ...
Removing mysql-client-5.5 (5.5.40-0ubuntu0.14.04.1) ...
Removing libdbd-mysql-perl (4.025-1) ...
Removing libdbi-perl (1.630-1) ...
Removing liberror-perl (0.17-1.1) ...
Removing libhtml-template-perl (2.95-1) ...
Removing libterm-ui-perl (0.42-1) ...
Removing liblog-message-simple-perl (0.10-1) ...
Removing libmodule-pluggable-perl (5.1-1) ...
Removing libpod-latex-perl (0.61-1) ...
Removing 'diversion of /usr/bin/pod2latex to /usr/bin/pod2latex.bundled by libpod-latex-perl'
Removing 'diversion of /usr/share/man/man1/pod2latex.1.gz to /usr/share/man/man1/pod2latex.bundled.1.gz by libpod-latex-perl'
Removing libterm-readkey-perl (2.31-1) ...
Removing libtext-soundex-perl (3.4-1build1) ...
Removing perl (5.18.2-2ubuntu1) ...
Removing perl-modules (5.18.2-2ubuntu1) ...
Processing triggers for man-db (2.6.7.1-1ubuntu1) ...
Processing triggers for ufw (0.34~rc-0ubuntu2) ...
Reading package lists...
Building dependency tree...
Reading state information...
The following packages were automatically installed and are no longer required:
  apache2-data git-man libaio1 libapr1 libaprutil1 libaprutil1-dbd-sqlite3
  libaprutil1-ldap libmysqlclient18 linux-headers-3.13.0-36
  linux-headers-3.13.0-36-generic linux-image-3.13.0-36-generic
  linux-image-extra-3.13.0-36-generic mysql-client-core-5.5 mysql-common
  mysql-server-core-5.5 ssl-cert
Use 'apt-get autoremove' to remove them.
The following extra packages will be installed:
  libarchive-extract-perl liblog-message-simple-perl libmodule-pluggable-perl
  libpod-latex-perl libterm-ui-perl libtext-soundex-perl perl-modules
Suggested packages:
  perl-doc libterm-readline-gnu-perl libterm-readline-perl-perl make
  libb-lint-perl libcpanplus-dist-build-perl libcpanplus-perl
  libfile-checktree-perl liblog-message-perl libobject-accessor-perl
The following NEW packages will be installed:
  libarchive-extract-perl liblog-message-simple-perl libmodule-pluggable-perl
  libpod-latex-perl libterm-ui-perl libtext-soundex-perl perl perl-modules
0 upgraded, 8 newly installed, 0 to remove and 63 not upgraded.
Need to get 0 B/5,469 kB of archives.
After this operation, 34.8 MB of additional disk space will be used.
Selecting previously unselected package perl-modules.
(Reading database ... 136804 files and directories currently installed.)
Preparing to unpack .../perl-modules_5.18.2-2ubuntu1_all.deb ...
Unpacking perl-modules (5.18.2-2ubuntu1) ...
Selecting previously unselected package perl.
Preparing to unpack .../perl_5.18.2-2ubuntu1_amd64.deb ...
Unpacking perl (5.18.2-2ubuntu1) ...
Selecting previously unselected package libarchive-extract-perl.
Preparing to unpack .../libarchive-extract-perl_0.70-1_all.deb ...
Unpacking libarchive-extract-perl (0.70-1) ...
Selecting previously unselected package liblog-message-simple-perl.
Preparing to unpack .../liblog-message-simple-perl_0.10-1_all.deb ...
Unpacking liblog-message-simple-perl (0.10-1) ...
Selecting previously unselected package libmodule-pluggable-perl.
Preparing to unpack .../libmodule-pluggable-perl_5.1-1_all.deb ...
Unpacking libmodule-pluggable-perl (5.1-1) ...
Selecting previously unselected package libpod-latex-perl.
Preparing to unpack .../libpod-latex-perl_0.61-1_all.deb ...
Adding 'diversion of /usr/bin/pod2latex to /usr/bin/pod2latex.bundled by libpod-latex-perl'
Adding 'diversion of /usr/share/man/man1/pod2latex.1.gz to /usr/share/man/man1/pod2latex.bundled.1.gz by libpod-latex-perl'
Unpacking libpod-latex-perl (0.61-1) ...
Selecting previously unselected package libterm-ui-perl.
Preparing to unpack .../libterm-ui-perl_0.42-1_all.deb ...
Unpacking libterm-ui-perl (0.42-1) ...
Selecting previously unselected package libtext-soundex-perl.
Preparing to unpack .../libtext-soundex-perl_3.4-1build1_amd64.deb ...
Unpacking libtext-soundex-perl (3.4-1build1) ...
Processing triggers for man-db (2.6.7.1-1ubuntu1) ...
Setting up perl-modules (5.18.2-2ubuntu1) ...
Setting up perl (5.18.2-2ubuntu1) ...
update-alternatives: using /usr/bin/prename to provide /usr/bin/rename (rename) in auto mode
Setting up libarchive-extract-perl (0.70-1) ...
Setting up liblog-message-simple-perl (0.10-1) ...
Setting up libmodule-pluggable-perl (5.1-1) ...
Setting up libpod-latex-perl (0.61-1) ...
Setting up libterm-ui-perl (0.42-1) ...
Setting up libtext-soundex-perl (3.4-1build1) ...
Reading package lists...
Building dependency tree...
Reading state information...
Package 'apache2' is not installed, so not removed
The following packages were automatically installed and are no longer required:
  apache2-data git-man libaio1 libapr1 libaprutil1 libaprutil1-dbd-sqlite3
  libaprutil1-ldap libmysqlclient18 linux-headers-3.13.0-36
  linux-headers-3.13.0-36-generic linux-image-3.13.0-36-generic
  linux-image-extra-3.13.0-36-generic mysql-client-core-5.5 mysql-common
  mysql-server-core-5.5 ssl-cert
Use 'apt-get autoremove' to remove them.
0 upgraded, 0 newly installed, 0 to remove and 63 not upgraded.
Reading package lists...
Building dependency tree...
Reading state information...
The following packages were automatically installed and are no longer required:
  git-man libaio1 libmysqlclient18 linux-headers-3.13.0-36
  linux-headers-3.13.0-36-generic linux-image-3.13.0-36-generic
  linux-image-extra-3.13.0-36-generic mysql-client-core-5.5 mysql-common
  mysql-server-core-5.5
Use 'apt-get autoremove' to remove them.
The following extra packages will be installed:
  apache2-bin
Suggested packages:
  apache2-doc apache2-suexec-pristine apache2-suexec-custom apache2-utils
The following NEW packages will be installed:
  apache2 apache2-bin
0 upgraded, 2 newly installed, 0 to remove and 63 not upgraded.
Need to get 0 B/926 kB of archives.
After this operation, 3,853 kB of additional disk space will be used.
Selecting previously unselected package apache2-bin.
(Reading database ... 138201 files and directories currently installed.)
Preparing to unpack .../apache2-bin_2.4.7-1ubuntu4.1_amd64.deb ...
Unpacking apache2-bin (2.4.7-1ubuntu4.1) ...
Selecting previously unselected package apache2.
Preparing to unpack .../apache2_2.4.7-1ubuntu4.1_amd64.deb ...
Unpacking apache2 (2.4.7-1ubuntu4.1) ...
Processing triggers for man-db (2.6.7.1-1ubuntu1) ...
Processing triggers for ureadahead (0.100.0-16) ...
Processing triggers for ufw (0.34~rc-0ubuntu2) ...
Setting up apache2-bin (2.4.7-1ubuntu4.1) ...
Setting up apache2 (2.4.7-1ubuntu4.1) ...
 * Restarting web server apache2
   ...done.
Reading package lists...
Building dependency tree...
Reading state information...
Package 'mysql-client' is not installed, so not removed
Package 'mysql-server' is not installed, so not removed
The following packages were automatically installed and are no longer required:
  git-man libaio1 libmysqlclient18 linux-headers-3.13.0-36
  linux-headers-3.13.0-36-generic linux-image-3.13.0-36-generic
  linux-image-extra-3.13.0-36-generic mysql-client-core-5.5 mysql-common
  mysql-server-core-5.5
Use 'apt-get autoremove' to remove them.
0 upgraded, 0 newly installed, 0 to remove and 63 not upgraded.
Reading package lists...
Building dependency tree...
Reading state information...
The following packages were automatically installed and are no longer required:
  git-man linux-headers-3.13.0-36 linux-headers-3.13.0-36-generic
  linux-image-3.13.0-36-generic linux-image-extra-3.13.0-36-generic
Use 'apt-get autoremove' to remove them.
The following extra packages will be installed:
  libdbd-mysql-perl libdbi-perl libhtml-template-perl libterm-readkey-perl
  mysql-client-5.5 mysql-server-5.5
Suggested packages:
  libclone-perl libmldbm-perl libnet-daemon-perl libplrpc-perl
  libsql-statement-perl libipc-sharedcache-perl tinyca mailx
The following NEW packages will be installed:
  libdbd-mysql-perl libdbi-perl libhtml-template-perl libterm-readkey-perl
  mysql-client mysql-client-5.5 mysql-server mysql-server-5.5
0 upgraded, 8 newly installed, 0 to remove and 63 not upgraded.
Need to get 0 B/4,540 kB of archives.
After this operation, 66.2 MB of additional disk space will be used.
Selecting previously unselected package libdbi-perl.
(Reading database ... 138357 files and directories currently installed.)
Preparing to unpack .../libdbi-perl_1.630-1_amd64.deb ...
Unpacking libdbi-perl (1.630-1) ...
Selecting previously unselected package libdbd-mysql-perl.
Preparing to unpack .../libdbd-mysql-perl_4.025-1_amd64.deb ...
Unpacking libdbd-mysql-perl (4.025-1) ...
Selecting previously unselected package libterm-readkey-perl.
Preparing to unpack .../libterm-readkey-perl_2.31-1_amd64.deb ...
Unpacking libterm-readkey-perl (2.31-1) ...
Selecting previously unselected package mysql-client-5.5.
Preparing to unpack .../mysql-client-5.5_5.5.40-0ubuntu0.14.04.1_amd64.deb ...
Unpacking mysql-client-5.5 (5.5.40-0ubuntu0.14.04.1) ...
Selecting previously unselected package mysql-server-5.5.
Preparing to unpack .../mysql-server-5.5_5.5.40-0ubuntu0.14.04.1_amd64.deb ...
Unpacking mysql-server-5.5 (5.5.40-0ubuntu0.14.04.1) ...
Selecting previously unselected package libhtml-template-perl.
Preparing to unpack .../libhtml-template-perl_2.95-1_all.deb ...
Unpacking libhtml-template-perl (2.95-1) ...
Selecting previously unselected package mysql-client.
Preparing to unpack .../mysql-client_5.5.40-0ubuntu0.14.04.1_all.deb ...
Unpacking mysql-client (5.5.40-0ubuntu0.14.04.1) ...
Selecting previously unselected package mysql-server.
Preparing to unpack .../mysql-server_5.5.40-0ubuntu0.14.04.1_all.deb ...
Unpacking mysql-server (5.5.40-0ubuntu0.14.04.1) ...
Processing triggers for man-db (2.6.7.1-1ubuntu1) ...
Processing triggers for ureadahead (0.100.0-16) ...
Setting up libdbi-perl (1.630-1) ...
Setting up libdbd-mysql-perl (4.025-1) ...
Setting up libterm-readkey-perl (2.31-1) ...
Setting up mysql-client-5.5 (5.5.40-0ubuntu0.14.04.1) ...
Setting up mysql-server-5.5 (5.5.40-0ubuntu0.14.04.1) ...
Setting up libhtml-template-perl (2.95-1) ...
Setting up mysql-client (5.5.40-0ubuntu0.14.04.1) ...
Setting up mysql-server (5.5.40-0ubuntu0.14.04.1) ...
 * Starting web server apache2
 * 
 * Starting MySQL database server mysqld
   ...done.
##
## environment cleaned
##
##
## create sandbox
##
##
## sandbox created
##
##
## check md5sum
##
md5_new: d43a390817ed73f543950afae530d0aa  build.tgz
md5_old: f22cd250088ebae5126a5acc088ebf75  build.tgz
md5 checksum has changed. proceeding with build.
##
## md5sum checked
##
##
## copy files to apache2 root folder /var/www/html
##
##
## files coppied to apache2 root folder
##
##
## check dependencies
##
apache2 found in /usr/sbin/apache2
mysql found in /usr/bin/mysql
git does not exist. Aborting process...
ruby found in /usr/bin/ruby
perl found in /usr/bin/perl
##
## dependencies checked
##
name	address
John Smith	Street Address
##########
There were errors during the build process: 
Error: tar
Error: failed
Error: to
Error: compress
Error: Apache/www
Error: dependency
Error: check
Error: failed:
Error: git
Error: not
Error: found
